TN:
SF:script/DeployDSC.s.sol
FN:13,DeployDSC.run
FNDA:9,DeployDSC.run
DA:14,9
DA:14,9
DA:14,9
DA:15,9
DA:15,9
DA:16,9
DA:16,9
DA:18,9
DA:18,9
DA:19,9
DA:19,9
DA:20,9
DA:20,9
DA:21,9
DA:21,9
DA:21,9
DA:22,9
DA:22,9
DA:22,9
DA:23,9
DA:23,9
DA:24,9
DA:24,9
DA:25,9
DA:25,9
FNF:1
FNH:1
LF:11
LH:11
BRF:0
BRH:0
end_of_record
TN:
SF:script/HelperConfig.s.sol
FN:24,HelperConfig.
FNDA:0,HelperConfig.
DA:25,0
DA:25,0
BRDA:25,0,0,-
BRDA:25,0,1,-
DA:26,0
DA:26,0
DA:28,0
DA:28,0
FN:32,HelperConfig.getSepoliaEthConfig
FNDA:0,HelperConfig.getSepoliaEthConfig
DA:33,0
DA:33,0
DA:33,0
FN:42,HelperConfig.getOrCreateAnvilEthConfig
FNDA:0,HelperConfig.getOrCreateAnvilEthConfig
DA:43,0
DA:43,0
DA:43,0
BRDA:43,1,0,-
BRDA:43,1,1,-
DA:44,0
DA:44,0
DA:47,0
DA:47,0
DA:48,0
DA:48,0
DA:48,0
DA:49,0
DA:49,0
DA:49,0
DA:51,0
DA:51,0
DA:51,0
DA:52,0
DA:52,0
DA:52,0
DA:54,0
DA:54,0
DA:56,0
DA:56,0
DA:56,0
FNF:3
FNH:0
LF:13
LH:0
BRF:4
BRH:0
end_of_record
TN:
SF:src/DSCEngine.sol
FN:67,DSCEngine.moreThanZero
FNDA:0,DSCEngine.moreThanZero
DA:68,0
DA:68,0
BRDA:68,0,0,-
BRDA:68,0,1,-
DA:69,0
DA:69,0
FN:74,DSCEngine.isAllowedToken
FNDA:11145,DSCEngine.isAllowedToken
DA:75,11145
DA:75,11145
DA:75,11145
BRDA:75,1,0,1
BRDA:75,1,1,11144
DA:76,1
DA:76,1
FN:82,DSCEngine.
FNDA:9,DSCEngine.
DA:83,4
DA:83,4
BRDA:83,2,0,3
BRDA:83,2,1,3
DA:84,3
DA:84,3
DA:87,2
DA:87,2
DA:87,6
DA:87,5
DA:88,3
DA:88,3
DA:89,4
DA:89,4
DA:91,2
DA:91,2
FN:100,DSCEngine.depositCollateralAndMintDSC
FNDA:0,DSCEngine.depositCollateralAndMintDSC
DA:105,0
DA:105,0
DA:106,0
DA:106,0
FN:115,DSCEngine.depositCollateral
FNDA:11146,DSCEngine.depositCollateral
DA:121,11144
DA:121,11144
DA:122,11144
DA:122,11144
DA:123,11144
DA:123,11144
DA:123,11144
DA:124,11144
DA:124,11144
BRDA:124,3,0,-
BRDA:124,3,1,11144
DA:125,0
DA:125,0
FN:135,DSCEngine.redeemCollateralForDsc
FNDA:0,DSCEngine.redeemCollateralForDsc
DA:138,0
DA:138,0
DA:139,0
DA:139,0
FN:147,DSCEngine.burnDsc
FNDA:0,DSCEngine.burnDsc
DA:148,0
DA:148,0
DA:149,0
DA:149,0
FN:158,DSCEngine.redeemCollateral
FNDA:0,DSCEngine.redeemCollateral
DA:163,0
DA:163,0
DA:164,0
DA:164,0
FN:181,DSCEngine.mintDsc
FNDA:10401,DSCEngine.mintDsc
DA:182,10401
DA:182,10401
DA:184,10401
DA:184,10401
DA:185,10400
DA:185,10400
DA:185,10400
DA:186,10400
DA:186,10400
BRDA:186,4,0,-
BRDA:186,4,1,10400
DA:187,0
DA:187,0
FN:210,DSCEngine.liquidate
FNDA:0,DSCEngine.liquidate
DA:216,0
DA:216,0
DA:216,0
DA:217,0
DA:217,0
BRDA:217,5,0,-
BRDA:217,5,1,-
DA:218,0
DA:218,0
DA:224,0
DA:224,0
DA:224,0
DA:231,0
DA:231,0
DA:231,0
DA:232,0
DA:232,0
DA:232,0
DA:233,0
DA:233,0
DA:235,0
DA:235,0
DA:237,0
DA:237,0
DA:237,0
DA:238,0
DA:238,0
BRDA:238,6,0,-
BRDA:238,6,1,-
DA:239,0
DA:239,0
DA:241,0
DA:241,0
FN:255,DSCEngine._burnDsc
FNDA:0,DSCEngine._burnDsc
DA:256,0
DA:256,0
DA:257,0
DA:257,0
DA:257,0
DA:259,0
DA:259,0
BRDA:259,7,0,-
BRDA:259,7,1,-
DA:260,0
DA:260,0
DA:262,0
DA:262,0
FN:265,DSCEngine._redeemCollateral
FNDA:0,DSCEngine._redeemCollateral
DA:268,0
DA:268,0
DA:269,0
DA:269,0
DA:270,0
DA:270,0
DA:270,0
DA:271,0
DA:271,0
BRDA:271,8,0,-
BRDA:271,8,1,-
DA:272,0
DA:272,0
FN:276,DSCEngine._healthFactor
FNDA:10401,DSCEngine._healthFactor
DA:278,10401
DA:278,10401
DA:278,10401
DA:279,10401
DA:279,10401
DA:279,10401
DA:280,10401
DA:280,10401
DA:280,10401
FN:287,DSCEngine._revertIfHealthFactorIsBroken
FNDA:10401,DSCEngine._revertIfHealthFactorIsBroken
DA:289,10401
DA:289,10401
DA:289,10401
DA:290,10401
DA:290,10401
BRDA:290,9,0,1
BRDA:290,9,1,10400
DA:291,1
DA:291,1
FN:295,DSCEngine._getAccountInformation
FNDA:21135,DSCEngine._getAccountInformation
DA:300,21135
DA:300,21135
DA:301,21135
DA:301,21135
FN:308,DSCEngine.getTokenAmountFromUsd
FNDA:2,DSCEngine.getTokenAmountFromUsd
DA:312,2
DA:312,2
DA:312,2
DA:313,2
DA:313,2
DA:313,2
DA:316,2
DA:316,2
DA:316,2
FN:319,DSCEngine._getAccountCollateralValueInUsd
FNDA:0,DSCEngine._getAccountCollateralValueInUsd
DA:322,21135
DA:322,21135
DA:322,63405
DA:322,42270
DA:323,42270
DA:323,42270
DA:324,42270
DA:324,42270
DA:325,42270
DA:325,42270
DA:327,0
DA:327,0
FN:330,DSCEngine.getUsdInValue
FNDA:1,DSCEngine.getUsdInValue
DA:331,42271
DA:331,42271
DA:331,42271
DA:332,42271
DA:332,42271
DA:332,42271
DA:336,42271
DA:336,42271
DA:336,42271
FN:339,DSCEngine.getAccountInformation
FNDA:10734,DSCEngine.getAccountInformation
DA:344,10734
DA:344,10734
FN:347,DSCEngine.getCollateralTokens
FNDA:2,DSCEngine.getCollateralTokens
DA:348,2
DA:348,2
FN:351,DSCEngine.getCollateralTokensPriceFeed
FNDA:2,DSCEngine.getCollateralTokensPriceFeed
DA:352,2
DA:352,2
FN:355,DSCEngine.getCollateralBalanceOfUser
FNDA:10911,DSCEngine.getCollateralBalanceOfUser
DA:356,10911
DA:356,10911
FN:359,DSCEngine.getPrecision
FNDA:0,DSCEngine.getPrecision
DA:360,0
DA:360,0
FN:363,DSCEngine.getLiquidationBonus
FNDA:0,DSCEngine.getLiquidationBonus
DA:364,0
DA:364,0
FN:367,DSCEngine.getHealthFactor
FNDA:0,DSCEngine.getHealthFactor
DA:368,0
DA:368,0
DA:368,0
FN:371,DSCEngine.getLiquidationThreshold
FNDA:1,DSCEngine.getLiquidationThreshold
DA:372,1
DA:372,1
FN:375,DSCEngine.getLiquidationPrecision
FNDA:1,DSCEngine.getLiquidationPrecision
DA:376,1
DA:376,1
FNF:27
FNH:15
LF:78
LH:40
BRF:20
BRH:8
end_of_record
TN:
SF:src/DecentralizedStableCoin.sol
FN:41,DecentralizedStableCoin.
FNDA:0,DecentralizedStableCoin.
FN:43,DecentralizedStableCoin.burn
FNDA:0,DecentralizedStableCoin.burn
DA:44,0
DA:44,0
DA:44,0
DA:45,0
DA:45,0
BRDA:45,0,0,-
BRDA:45,0,1,-
DA:46,0
DA:46,0
DA:48,0
DA:48,0
BRDA:48,1,0,-
BRDA:48,1,1,-
DA:49,0
DA:49,0
DA:51,0
DA:51,0
FN:54,DecentralizedStableCoin.mint
FNDA:10400,DecentralizedStableCoin.mint
DA:55,10400
DA:55,10400
DA:55,10400
BRDA:55,2,0,-
BRDA:55,2,1,10400
DA:56,0
DA:56,0
DA:58,10400
DA:58,10400
BRDA:58,3,0,-
BRDA:58,3,1,10400
DA:59,0
DA:59,0
DA:61,10400
DA:61,10400
DA:62,10400
DA:62,10400
FNF:3
FNH:1
LF:12
LH:4
BRF:8
BRH:2
end_of_record
TN:
SF:src/libraries/OracleLib.sol
FN:20,OracleLib.staleCheckLastestRoundData
FNDA:42271,OracleLib.staleCheckLastestRoundData
DA:25,42271
DA:25,42271
DA:26,42271
DA:26,42271
DA:28,42271
DA:28,42271
DA:28,42271
DA:29,42271
DA:29,42271
BRDA:29,0,0,-
BRDA:29,0,1,42271
DA:29,0
DA:30,42271
DA:30,42271
FNF:1
FNH:1
LF:5
LH:5
BRF:2
BRH:1
end_of_record
TN:
SF:test/fuzz/Handler.t.sol
FN:27,Handler.
FNDA:0,Handler.
DA:28,0
DA:28,0
DA:29,0
DA:29,0
DA:31,0
DA:31,0
DA:31,0
DA:32,0
DA:32,0
DA:33,0
DA:33,0
DA:35,0
DA:35,0
FN:38,Handler.mintDsc
FNDA:10971,Handler.mintDsc
DA:39,10971
DA:39,10971
BRDA:39,0,0,10732
BRDA:39,0,1,10971
DA:40,10971
DA:40,10971
DA:42,10732
DA:42,10732
DA:43,10732
DA:43,10732
DA:43,10732
DA:44,10732
DA:44,10732
DA:44,10732
DA:44,10732
DA:45,10732
DA:45,10732
DA:47,10732
DA:47,10732
BRDA:47,1,0,-
BRDA:47,1,1,10732
DA:48,0
DA:48,0
DA:49,0
DA:49,0
DA:51,10732
DA:51,10732
DA:52,10732
DA:52,10732
BRDA:52,2,0,332
BRDA:52,2,1,10400
DA:53,332
DA:53,332
DA:55,10400
DA:55,10400
DA:56,10400
DA:56,10400
DA:57,10400
DA:57,10400
DA:58,10400
DA:58,10400
DA:59,10400
DA:59,10400
FN:67,Handler.depositCollateral
FNDA:11142,Handler.depositCollateral
DA:68,11142
DA:68,11142
DA:69,11142
DA:69,11142
DA:69,11142
DA:70,11142
DA:70,11142
DA:71,11142
DA:71,11142
DA:72,11142
DA:72,11142
DA:73,11142
DA:73,11142
DA:74,11142
DA:74,11142
DA:76,11142
DA:76,11142
FN:79,Handler.redeemCollateral
FNDA:10911,Handler.redeemCollateral
DA:80,10911
DA:80,10911
DA:80,10911
DA:81,10911
DA:81,10911
DA:81,10911
DA:82,10911
DA:82,10911
DA:83,10911
DA:83,10911
BRDA:83,3,0,10911
BRDA:83,3,1,-
DA:84,10911
DA:84,10911
DA:86,0
DA:86,0
DA:87,0
DA:87,0
DA:88,0
DA:88,0
DA:89,0
DA:89,0
DA:91,0
DA:91,0
FN:105,Handler._getCollateralFromSeed
FNDA:22053,Handler._getCollateralFromSeed
DA:106,22053
DA:106,22053
DA:106,22053
BRDA:106,4,0,10950
BRDA:106,4,1,11103
DA:107,10950
DA:107,10950
DA:109,11103
DA:109,11103
FNF:5
FNH:4
LF:44
LH:31
BRF:10
BRH:8
end_of_record
TN:
SF:test/mocks/MockV3Aggregator.sol
FN:24,MockV3Aggregator.
FNDA:0,MockV3Aggregator.
DA:25,0
DA:25,0
DA:26,0
DA:26,0
FN:29,MockV3Aggregator.updateAnswer
FNDA:0,MockV3Aggregator.updateAnswer
DA:30,0
DA:30,0
DA:31,0
DA:31,0
DA:32,0
DA:32,0
DA:33,0
DA:33,0
DA:34,0
DA:34,0
DA:35,0
DA:35,0
FN:38,MockV3Aggregator.updateRoundData
FNDA:0,MockV3Aggregator.updateRoundData
DA:39,0
DA:39,0
DA:40,0
DA:40,0
DA:41,0
DA:41,0
DA:42,0
DA:42,0
DA:43,0
DA:43,0
DA:44,0
DA:44,0
FN:47,MockV3Aggregator.getRoundData
FNDA:0,MockV3Aggregator.getRoundData
DA:52,0
DA:52,0
FN:55,MockV3Aggregator.latestRoundData
FNDA:42273,MockV3Aggregator.latestRoundData
DA:60,42273
DA:60,42273
FN:69,MockV3Aggregator.description
FNDA:0,MockV3Aggregator.description
DA:70,0
DA:70,0
FNF:6
FNH:1
LF:17
LH:1
BRF:0
BRH:0
end_of_record
